android/app/build/intermediates/manifest_merge_blame_file/debug/manifest-merger-blame-debug-report.txt
1<?xml version="1.0" encoding="utf-8"?>
2<manifest xmlns:android="http://schemas.android.com/apk/res/android"
3    package="com.firebase"
4    android:versionCode="1"
5    android:versionName="1.0" >
6
7    <uses-sdk
8        android:minSdkVersion="16"
9        android:targetSdkVersion="29" />
10
11    <uses-permission android:name="android.permission.SYSTEM_ALERT_WINDOW" />
11-->src/debug/AndroidManifest.xml:5:5-77
11-->src/debug/AndroidManifest.xml:5:22-75
12    <uses-permission android:name="android.permission.INTERNET" />
12-->src/main/AndroidManifest.xml:4:5-67
12-->src/main/AndroidManifest.xml:4:22-64
13    <uses-permission android:name="android.permission.ACCESS_WIFI_STATE" />
13-->[com.facebook.flipper:flipper:0.54.0] AndroidManifest.xml:16:5-76
13-->[com.facebook.flipper:flipper:0.54.0] AndroidManifest.xml:16:22-73
14    <uses-permission android:name="android.permission.WAKE_LOCK" />
14-->[:react-native-firebase_database] AndroidManifest.xml:12:5-68
14-->[:react-native-firebase_database] AndroidManifest.xml:12:22-65
15    <uses-permission android:name="android.permission.ACCESS_NETWORK_STATE" />
15-->[:react-native-firebase_database] AndroidManifest.xml:13:5-79
15-->[:react-native-firebase_database] AndroidManifest.xml:13:22-76
16
17    <application
17-->src/main/AndroidManifest.xml:6:5-25:19
18        android:name="com.firebase.MainApplication"
18-->src/main/AndroidManifest.xml:7:7-38
19        android:allowBackup="false"
19-->src/main/AndroidManifest.xml:11:7-34
20        android:appComponentFactory="androidx.core.app.CoreComponentFactory"
20-->[androidx.core:core:1.1.0] AndroidManifest.xml:24:18-86
21        android:debuggable="true"
22        android:icon="@mipmap/ic_launcher"
22-->src/main/AndroidManifest.xml:9:7-41
23        android:label="@string/app_name"
23-->src/main/AndroidManifest.xml:8:7-39
24        android:roundIcon="@mipmap/ic_launcher_round"
24-->src/main/AndroidManifest.xml:10:7-52
25        android:theme="@style/AppTheme"
25-->src/main/AndroidManifest.xml:12:7-38
26        android:usesCleartextTraffic="true" >
26-->src/debug/AndroidManifest.xml:7:18-53
27        <activity
27-->src/main/AndroidManifest.xml:13:7-23:18
28            android:name="com.firebase.MainActivity"
28-->src/main/AndroidManifest.xml:14:9-37
29            android:configChanges="keyboard|keyboardHidden|orientation|screenSize|uiMode"
29-->src/main/AndroidManifest.xml:16:9-86
30            android:label="@string/app_name"
30-->src/main/AndroidManifest.xml:15:9-41
31            android:launchMode="singleTask"
31-->src/main/AndroidManifest.xml:17:9-40
32            android:windowSoftInputMode="adjustResize" >
32-->src/main/AndroidManifest.xml:18:9-51
33            <intent-filter>
33-->src/main/AndroidManifest.xml:19:9-22:25
34                <action android:name="android.intent.action.MAIN" />
34-->src/main/AndroidManifest.xml:20:13-65
34-->src/main/AndroidManifest.xml:20:21-62
35
36                <category android:name="android.intent.category.LAUNCHER" />
36-->src/main/AndroidManifest.xml:21:13-73
36-->src/main/AndroidManifest.xml:21:23-70
37            </intent-filter>
38        </activity>
39        <activity android:name="com.facebook.react.devsupport.DevSettingsActivity" />
39-->src/main/AndroidManifest.xml:24:7-84
39-->src/main/AndroidManifest.xml:24:17-81
40        <activity
40-->[com.google.android.gms:play-services-auth:19.0.0] AndroidManifest.xml:23:9-27:75
41            android:name="com.google.android.gms.auth.api.signin.internal.SignInHubActivity"
41-->[com.google.android.gms:play-services-auth:19.0.0] AndroidManifest.xml:24:13-93
42            android:excludeFromRecents="true"
42-->[com.google.android.gms:play-services-auth:19.0.0] AndroidManifest.xml:25:13-46
43            android:exported="false"
43-->[com.google.android.gms:play-services-auth:19.0.0] AndroidManifest.xml:26:13-37
44            android:theme="@android:style/Theme.Translucent.NoTitleBar" />
44-->[com.google.android.gms:play-services-auth:19.0.0] AndroidManifest.xml:27:13-72
45        <!--
46            Service handling Google Sign-In user revocation. For apps that do not integrate with
47            Google Sign-In, this service will never be started.
48        -->
49        <service
49-->[com.google.android.gms:play-services-auth:19.0.0] AndroidManifest.xml:33:9-37:51
50            android:name="com.google.android.gms.auth.api.signin.RevocationBoundService"
50-->[com.google.android.gms:play-services-auth:19.0.0] AndroidManifest.xml:34:13-89
51            android:exported="true"
51-->[com.google.android.gms:play-services-auth:19.0.0] AndroidManifest.xml:35:13-36
52            android:permission="com.google.android.gms.auth.api.signin.permission.REVOCATION_NOTIFICATION"
52-->[com.google.android.gms:play-services-auth:19.0.0] AndroidManifest.xml:36:13-107
53            android:visibleToInstantApps="true" />
53-->[com.google.android.gms:play-services-auth:19.0.0] AndroidManifest.xml:37:13-48
54        <service
54-->[com.google.firebase:firebase-database:19.6.0] AndroidManifest.xml:29:9-35:19
55            android:name="com.google.firebase.components.ComponentDiscoveryService"
55-->[com.google.firebase:firebase-database:19.6.0] AndroidManifest.xml:30:13-84
56            android:directBootAware="true"
56-->[com.google.firebase:firebase-common:19.5.0] AndroidManifest.xml:35:13-43
57            android:exported="false" >
57-->[com.google.firebase:firebase-database:19.6.0] AndroidManifest.xml:31:13-37
58            <meta-data
58-->[com.google.firebase:firebase-database:19.6.0] AndroidManifest.xml:32:13-34:85
59                android:name="com.google.firebase.components:com.google.firebase.database.DatabaseRegistrar"
59-->[com.google.firebase:firebase-database:19.6.0] AndroidManifest.xml:33:17-109
60                android:value="com.google.firebase.components.ComponentRegistrar" />
60-->[com.google.firebase:firebase-database:19.6.0] AndroidManifest.xml:34:17-82
61            <!--
62                This registrar is not defined in the dynamic-module-support sdk itself to allow non-firebase
63                clients to use it as well, by defining this registrar in their own core/common library.
64            -->
65            <meta-data
65-->[com.google.firebase:firebase-common:19.5.0] AndroidManifest.xml:43:13-45:85
66                android:name="com.google.firebase.components:com.google.firebase.dynamicloading.DynamicLoadingRegistrar"
66-->[com.google.firebase:firebase-common:19.5.0] AndroidManifest.xml:44:17-121
67                android:value="com.google.firebase.components.ComponentRegistrar" />
67-->[com.google.firebase:firebase-common:19.5.0] AndroidManifest.xml:45:17-82
68        </service>
69
70        <activity
70-->[com.google.android.gms:play-services-base:17.1.0] AndroidManifest.xml:23:9-26:75
71            android:name="com.google.android.gms.common.api.GoogleApiActivity"
71-->[com.google.android.gms:play-services-base:17.1.0] AndroidManifest.xml:24:13-79
72            android:exported="false"
72-->[com.google.android.gms:play-services-base:17.1.0] AndroidManifest.xml:25:13-37
73            android:theme="@android:style/Theme.Translucent.NoTitleBar" />
73-->[com.google.android.gms:play-services-base:17.1.0] AndroidManifest.xml:26:13-72
74
75        <provider
75-->[com.google.firebase:firebase-common:19.5.0] AndroidManifest.xml:26:9-31:39
76            android:name="com.google.firebase.provider.FirebaseInitProvider"
76-->[com.google.firebase:firebase-common:19.5.0] AndroidManifest.xml:27:13-77
77            android:authorities="com.firebase.firebaseinitprovider"
77-->[com.google.firebase:firebase-common:19.5.0] AndroidManifest.xml:28:13-72
78            android:directBootAware="true"
78-->[com.google.firebase:firebase-common:19.5.0] AndroidManifest.xml:29:13-43
79            android:exported="false"
79-->[com.google.firebase:firebase-common:19.5.0] AndroidManifest.xml:30:13-37
80            android:initOrder="100" />
80-->[com.google.firebase:firebase-common:19.5.0] AndroidManifest.xml:31:13-36
81
82        <meta-data
82-->[com.google.android.gms:play-services-basement:17.1.1] AndroidManifest.xml:23:9-25:69
83            android:name="com.google.android.gms.version"
83-->[com.google.android.gms:play-services-basement:17.1.1] AndroidManifest.xml:24:13-58
84            android:value="@integer/google_play_services_version" />
84-->[com.google.android.gms:play-services-basement:17.1.1] AndroidManifest.xml:25:13-66
85    </application>
86
87</manifest>